<?xml version="1.0" encoding="UTF-8"?>
<testsuite xmlns:xsi="http://www.w3.org/2001/XMLSchema-instance" xsi:noNamespaceSchemaLocation="https://maven.apache.org/surefire/maven-surefire-plugin/xsd/surefire-test-report-3.0.xsd" version="3.0" name="bank.BankTest" time="0.082" tests="14" errors="0" skipped="0" failures="0">
  <properties>
[...]
</properties>
  <testcase name="ueberweisungTest" classname="bank.BankTest" time="0.037"/>
  <testcase name="getKontostandFehlerTest" classname="bank.BankTest" time="0.001"/>
  <testcase name="sparbuchErstellenTest" classname="bank.BankTest" time="0.002"/>
  <testcase name="geldEinzahlenTest" classname="bank.BankTest" time="0.001"/>
  <testcase name="geldEinzahlenFehlerTest" classname="bank.BankTest" time="0.001"/>
  <testcase name="getKontostandTest" classname="bank.BankTest" time="0.001"/>
  <testcase name="girokontoErstellenTest" classname="bank.BankTest" time="0.001"/>
  <testcase name="sparbuchErstellenFehlerTest" classname="bank.BankTest" time="0.001"/>
  <testcase name="bankAnlegenFehlerTest" classname="bank.BankTest" time="0"/>
  <testcase name="kontoLoeschenTest" classname="bank.BankTest" time="0.001"/>
  <testcase name="girokontoErstellenFehleTest" classname="bank.BankTest" time="0"/>
  <testcase name="geldAbhebenFehlerTest" classname="bank.BankTest" time="0"/>
  <testcase name="kontoLoeschenFehlerTest" classname="bank.BankTest" time="0.001"/>
  <testcase name="geldAbhebenTest" classname="bank.BankTest" time="0.001"/>
</testsuite>