<?xml version="1.0" encoding="UTF-8"?>
<testsuite xmlns:xsi="http://www.w3.org/2001/XMLSchema-instance" xsi:noNamespaceSchemaLocation="https://maven.apache.org/surefire/maven-surefire-plugin/xsd/surefire-test-report-3.0.xsd" version="3.0" name="verarbeitung.GirokontoTest" time="0.072" tests="14" errors="0" skipped="0" failures="0">
  <properties>
[...]
</properties>
  <testcase name="kontoAnlegenFehler" classname="verarbeitung.GirokontoTest" time="0.021"/>
  <testcase name="einzahlungFehlerTest" classname="verarbeitung.GirokontoTest" time="0"/>
  <testcase name="kontoWaehrungTest" classname="verarbeitung.GirokontoTest" time="0.001"/>
  <testcase name="abhebenGesperrtTest" classname="verarbeitung.GirokontoTest" time="0.006"/>
  <testcase name="einzahlungTest" classname="verarbeitung.GirokontoTest" time="0.002"/>
  <testcase name="einzahlungAndererWaehrungTest" classname="verarbeitung.GirokontoTest" time="0"/>
  <testcase name="ueberweisungAbsendenTest" classname="verarbeitung.GirokontoTest" time="0.006"/>
  <testcase name="ueberweisungAbsendenGesperrtTest" classname="verarbeitung.GirokontoTest" time="0.001"/>
  <testcase name="ueberweisungEmpfangenTest" classname="verarbeitung.GirokontoTest" time="0"/>
  <testcase name="kontoMitInhaberAnlegen" classname="verarbeitung.GirokontoTest" time="0.001"/>
  <testcase name="abhebenTest" classname="verarbeitung.GirokontoTest" time="0.001"/>
  <testcase name="abhebenAndererWaehrungTest" classname="verarbeitung.GirokontoTest" time="0.001"/>
  <testcase name="waehrungWechselTest" classname="verarbeitung.GirokontoTest" time="0.001"/>
  <testcase name="kontoAnlegenErfolgreich" classname="verarbeitung.GirokontoTest" time="0"/>
</testsuite>